<?xml version="1.0" encoding="UTF-8"?>
<testsuite name="test" tests="2" skipped="0" failures="0" errors="0" timestamp="2022-06-03T15:37:02" hostname="308B-3" time="0.023">
  <properties/>
  <testcase name="test_auth_positive()" classname="test" time="0.021"/>
  <testcase name="test_auth_negative()" classname="test" time="0.001"/>
  <system-out><![CDATA[]]></system-out>
  <system-err><![CDATA[]]></system-err>
</testsuite>
